[ 2018-04-18T12:19:10+08:00 ] 127.0.0.1 /
INFO: [ app_init ] --START--
INFO: Run Behavior\BuildLiteBehavior [ RunTime:0.000014s ]
INFO: [ app_init ] --END-- [ RunTime:0.003448s ]
INFO: [ app_begin ] --START--
INFO: Run Behavior\ReadHtmlCacheBehavior [ RunTime:0.000734s ]
INFO: [ app_begin ] --END-- [ RunTime:0.000834s ]

[ 2018-04-18T12:19:10+08:00 ] 127.0.0.1 /
INFO: [ app_init ] --START--
INFO: Run Behavior\BuildLiteBehavior [ RunTime:0.000013s ]
INFO: [ app_init ] --END-- [ RunTime:0.003510s ]
INFO: [ app_begin ] --START--
INFO: Run Behavior\ReadHtmlCacheBehavior [ RunTime:0.001202s ]
INFO: [ app_begin ] --END-- [ RunTime:0.001421s ]

[ 2018-04-18T12:19:10+08:00 ] 127.0.0.1 /
INFO: [ app_init ] --START--
INFO: Run Behavior\BuildLiteBehavior [ RunTime:0.000014s ]
INFO: [ app_init ] --END-- [ RunTime:0.003393s ]
INFO: [ app_begin ] --START--
INFO: Run Behavior\ReadHtmlCacheBehavior [ RunTime:0.000832s ]
INFO: [ app_begin ] --END-- [ RunTime:0.000933s ]

[ 2018-04-18T12:19:10+08:00 ] 127.0.0.1 /
INFO: [ app_init ] --START--
INFO: Run Behavior\BuildLiteBehavior [ RunTime:0.000024s ]
INFO: [ app_init ] --END-- [ RunTime:0.004079s ]
INFO: [ app_begin ] --START--
INFO: Run Behavior\ReadHtmlCacheBehavior [ RunTime:0.001415s ]
INFO: [ app_begin ] --END-- [ RunTime:0.001621s ]

[ 2018-04-18T12:19:10+08:00 ] 127.0.0.1 /
INFO: [ app_init ] --START--
INFO: Run Behavior\BuildLiteBehavior [ RunTime:0.000016s ]
INFO: [ app_init ] --END-- [ RunTime:0.003253s ]
INFO: [ app_begin ] --START--
INFO: Run Behavior\ReadHtmlCacheBehavior [ RunTime:0.000996s ]
INFO: [ app_begin ] --END-- [ RunTime:0.001200s ]

[ 2018-04-18T12:19:10+08:00 ] 127.0.0.1 /
INFO: [ app_init ] --START--
INFO: Run Behavior\BuildLiteBehavior [ RunTime:0.000037s ]
INFO: [ app_init ] --END-- [ RunTime:0.004247s ]
INFO: [ app_begin ] --START--
INFO: Run Behavior\ReadHtmlCacheBehavior [ RunTime:0.001226s ]
INFO: [ app_begin ] --END-- [ RunTime:0.001689s ]

[ 2018-04-18T12:19:10+08:00 ] 127.0.0.1 /
INFO: [ app_init ] --START--
INFO: Run Behavior\BuildLiteBehavior [ RunTime:0.000016s ]
INFO: [ app_init ] --END-- [ RunTime:0.003555s ]
INFO: [ app_begin ] --START--
INFO: Run Behavior\ReadHtmlCacheBehavior [ RunTime:0.000756s ]
INFO: [ app_begin ] --END-- [ RunTime:0.000858s ]

[ 2018-04-18T12:19:10+08:00 ] 127.0.0.1 /
INFO: [ app_init ] --START--
INFO: Run Behavior\BuildLiteBehavior [ RunTime:0.000015s ]
INFO: [ app_init ] --END-- [ RunTime:0.003966s ]
INFO: [ app_begin ] --START--
INFO: Run Behavior\ReadHtmlCacheBehavior [ RunTime:0.000996s ]
INFO: [ app_begin ] --END-- [ RunTime:0.001105s ]

[ 2018-04-18T12:19:10+08:00 ] 127.0.0.1 /
INFO: [ app_init ] --START--
INFO: Run Behavior\BuildLiteBehavior [ RunTime:0.000014s ]
INFO: [ app_init ] --END-- [ RunTime:0.003905s ]
INFO: [ app_begin ] --START--
INFO: Run Behavior\ReadHtmlCacheBehavior [ RunTime:0.000668s ]
INFO: [ app_begin ] --END-- [ RunTime:0.000768s ]

[ 2018-04-18T12:19:10+08:00 ] 127.0.0.1 /
INFO: [ app_init ] --START--
INFO: Run Behavior\BuildLiteBehavior [ RunTime:0.000013s ]
INFO: [ app_init ] --END-- [ RunTime:0.003500s ]
INFO: [ app_begin ] --START--
INFO: Run Behavior\ReadHtmlCacheBehavior [ RunTime:0.001048s ]
INFO: [ app_begin ] --END-- [ RunTime:0.001153s ]

[ 2018-04-18T12:19:10+08:00 ] 127.0.0.1 /
INFO: [ app_init ] --START--
INFO: Run Behavior\BuildLiteBehavior [ RunTime:0.000013s ]
INFO: [ app_init ] --END-- [ RunTime:0.002978s ]
INFO: [ app_begin ] --START--
INFO: Run Behavior\ReadHtmlCacheBehavior [ RunTime:0.000782s ]
INFO: [ app_begin ] --END-- [ RunTime:0.000907s ]

[ 2018-04-18T12:19:11+08:00 ] 127.0.0.1 /
INFO: [ app_init ] --START--
INFO: Run Behavior\BuildLiteBehavior [ RunTime:0.000026s ]
INFO: [ app_init ] --END-- [ RunTime:0.003956s ]
INFO: [ app_begin ] --START--
INFO: Run Behavior\ReadHtmlCacheBehavior [ RunTime:0.000944s ]
INFO: [ app_begin ] --END-- [ RunTime:0.001051s ]

[ 2018-04-18T12:19:11+08:00 ] 127.0.0.1 /
INFO: [ app_init ] --START--
INFO: Run Behavior\BuildLiteBehavior [ RunTime:0.000013s ]
INFO: [ app_init ] --END-- [ RunTime:0.003188s ]
INFO: [ app_begin ] --START--
INFO: Run Behavior\ReadHtmlCacheBehavior [ RunTime:0.000701s ]
INFO: [ app_begin ] --END-- [ RunTime:0.000814s ]

[ 2018-04-18T12:19:11+08:00 ] 127.0.0.1 /
INFO: [ app_init ] --START--
INFO: Run Behavior\BuildLiteBehavior [ RunTime:0.000013s ]
INFO: [ app_init ] --END-- [ RunTime:0.003536s ]
INFO: [ app_begin ] --START--
INFO: Run Behavior\ReadHtmlCacheBehavior [ RunTime:0.001020s ]
INFO: [ app_begin ] --END-- [ RunTime:0.001125s ]

[ 2018-04-18T12:19:11+08:00 ] 127.0.0.1 /
INFO: [ app_init ] --START--
INFO: Run Behavior\BuildLiteBehavior [ RunTime:0.000013s ]
INFO: [ app_init ] --END-- [ RunTime:0.003386s ]
INFO: [ app_begin ] --START--
INFO: Run Behavior\ReadHtmlCacheBehavior [ RunTime:0.000687s ]
INFO: [ app_begin ] --END-- [ RunTime:0.000786s ]

[ 2018-04-18T12:19:11+08:00 ] 127.0.0.1 /
INFO: [ app_init ] --START--
INFO: Run Behavior\BuildLiteBehavior [ RunTime:0.000012s ]
INFO: [ app_init ] --END-- [ RunTime:0.003593s ]
INFO: [ app_begin ] --START--
INFO: Run Behavior\ReadHtmlCacheBehavior [ RunTime:0.000982s ]
INFO: [ app_begin ] --END-- [ RunTime:0.001096s ]

[ 2018-04-18T12:19:11+08:00 ] 127.0.0.1 /
INFO: [ app_init ] --START--
INFO: Run Behavior\BuildLiteBehavior [ RunTime:0.000012s ]
INFO: [ app_init ] --END-- [ RunTime:0.003436s ]
INFO: [ app_begin ] --START--
INFO: Run Behavior\ReadHtmlCacheBehavior [ RunTime:0.000725s ]
INFO: [ app_begin ] --END-- [ RunTime:0.000855s ]

[ 2018-04-18T12:19:11+08:00 ] 127.0.0.1 /
INFO: [ app_init ] --START--
INFO: Run Behavior\BuildLiteBehavior [ RunTime:0.000018s ]
INFO: [ app_init ] --END-- [ RunTime:0.004653s ]
INFO: [ app_begin ] --START--
INFO: Run Behavior\ReadHtmlCacheBehavior [ RunTime:0.000925s ]
INFO: [ app_begin ] --END-- [ RunTime:0.001034s ]

[ 2018-04-18T12:19:11+08:00 ] 127.0.0.1 /
INFO: [ app_init ] --START--
INFO: Run Behavior\BuildLiteBehavior [ RunTime:0.000011s ]
INFO: [ app_init ] --END-- [ RunTime:0.003504s ]
INFO: [ app_begin ] --START--
INFO: Run Behavior\ReadHtmlCacheBehavior [ RunTime:0.000702s ]
INFO: [ app_begin ] --END-- [ RunTime:0.000884s ]

[ 2018-04-18T12:19:11+08:00 ] 127.0.0.1 /
INFO: [ app_init ] --START--
INFO: Run Behavior\BuildLiteBehavior [ RunTime:0.000016s ]
INFO: [ app_init ] --END-- [ RunTime:0.004227s ]
INFO: [ app_begin ] --START--
INFO: Run Behavior\ReadHtmlCacheBehavior [ RunTime:0.000939s ]
INFO: [ app_begin ] --END-- [ RunTime:0.001041s ]

[ 2018-04-18T12:19:11+08:00 ] 127.0.0.1 /
INFO: [ app_init ] --START--
INFO: Run Behavior\BuildLiteBehavior [ RunTime:0.000016s ]
INFO: [ app_init ] --END-- [ RunTime:0.003847s ]
INFO: [ app_begin ] --START--
INFO: Run Behavior\ReadHtmlCacheBehavior [ RunTime:0.000770s ]
INFO: [ app_begin ] --END-- [ RunTime:0.000868s ]

[ 2018-04-18T12:19:11+08:00 ] 127.0.0.1 /
INFO: [ app_init ] --START--
INFO: Run Behavior\BuildLiteBehavior [ RunTime:0.000013s ]
INFO: [ app_init ] --END-- [ RunTime:0.003532s ]
INFO: [ app_begin ] --START--
INFO: Run Behavior\ReadHtmlCacheBehavior [ RunTime:0.000938s ]
INFO: [ app_begin ] --END-- [ RunTime:0.001037s ]

[ 2018-04-18T12:19:11+08:00 ] 127.0.0.1 /
INFO: [ app_init ] --START--
INFO: Run Behavior\BuildLiteBehavior [ RunTime:0.000032s ]
INFO: [ app_init ] --END-- [ RunTime:0.004789s ]
INFO: [ app_begin ] --START--
INFO: Run Behavior\ReadHtmlCacheBehavior [ RunTime:0.000953s ]
INFO: [ app_begin ] --END-- [ RunTime:0.001104s ]

[ 2018-04-18T12:19:11+08:00 ] 127.0.0.1 /
INFO: [ app_init ] --START--
INFO: Run Behavior\BuildLiteBehavior [ RunTime:0.000012s ]
INFO: [ app_init ] --END-- [ RunTime:0.003437s ]
INFO: [ app_begin ] --START--
INFO: Run Behavior\ReadHtmlCacheBehavior [ RunTime:0.001520s ]
INFO: [ app_begin ] --END-- [ RunTime:0.001683s ]

[ 2018-04-18T12:19:14+08:00 ] 127.0.0.1 /Chart/getMarketOrdinaryJson?market=ppc_usd&time=5&t=1524025154635
INFO: [ app_init ] --START--
INFO: Run Behavior\BuildLiteBehavior [ RunTime:0.000014s ]
INFO: [ app_init ] --END-- [ RunTime:0.005179s ]
INFO: [ app_begin ] --START--
INFO: Run Behavior\ReadHtmlCacheBehavior [ RunTime:0.001082s ]
INFO: [ app_begin ] --END-- [ RunTime:0.001195s ]

[ 2018-04-18T12:19:14+08:00 ] 127.0.0.1 /
INFO: [ app_init ] --START--
INFO: Run Behavior\BuildLiteBehavior [ RunTime:0.000013s ]
INFO: [ app_init ] --END-- [ RunTime:0.003439s ]
INFO: [ app_begin ] --START--
INFO: Run Behavior\ReadHtmlCacheBehavior [ RunTime:0.000957s ]
INFO: [ app_begin ] --END-- [ RunTime:0.001070s ]

[ 2018-04-18T12:19:14+08:00 ] 127.0.0.1 /
INFO: [ app_init ] --START--
INFO: Run Behavior\BuildLiteBehavior [ RunTime:0.000016s ]
INFO: [ app_init ] --END-- [ RunTime:0.003973s ]
INFO: [ app_begin ] --START--
INFO: Run Behavior\ReadHtmlCacheBehavior [ RunTime:0.000969s ]
INFO: [ app_begin ] --END-- [ RunTime:0.001075s ]

[ 2018-04-18T12:19:14+08:00 ] 127.0.0.1 /
INFO: [ app_init ] --START--
INFO: Run Behavior\BuildLiteBehavior [ RunTime:0.000013s ]
INFO: [ app_init ] --END-- [ RunTime:0.003455s ]
INFO: [ app_begin ] --START--
INFO: Run Behavior\ReadHtmlCacheBehavior [ RunTime:0.001307s ]
INFO: [ app_begin ] --END-- [ RunTime:0.001561s ]

[ 2018-04-18T12:19:14+08:00 ] 127.0.0.1 /Chart/getJsonData?market=ppc_usd&t=0.010568948301888481
INFO: [ app_init ] --START--
INFO: Run Behavior\BuildLiteBehavior [ RunTime:0.000019s ]
INFO: [ app_init ] --END-- [ RunTime:0.003257s ]
INFO: [ app_begin ] --START--
INFO: Run Behavior\ReadHtmlCacheBehavior [ RunTime:0.000771s ]
INFO: [ app_begin ] --END-- [ RunTime:0.000937s ]

[ 2018-04-18T12:19:14+08:00 ] 127.0.0.1 /
INFO: [ app_init ] --START--
INFO: Run Behavior\BuildLiteBehavior [ RunTime:0.000017s ]
INFO: [ app_init ] --END-- [ RunTime:0.003541s ]
INFO: [ app_begin ] --START--
INFO: Run Behavior\ReadHtmlCacheBehavior [ RunTime:0.001458s ]
INFO: [ app_begin ] --END-- [ RunTime:0.001663s ]

[ 2018-04-18T12:19:14+08:00 ] 127.0.0.1 /
INFO: [ app_init ] --START--
INFO: Run Behavior\BuildLiteBehavior [ RunTime:0.000016s ]
INFO: [ app_init ] --END-- [ RunTime:0.003059s ]
INFO: [ app_begin ] --START--
INFO: Run Behavior\ReadHtmlCacheBehavior [ RunTime:0.000735s ]
INFO: [ app_begin ] --END-- [ RunTime:0.000854s ]

[ 2018-04-18T12:19:15+08:00 ] 127.0.0.1 /
INFO: [ app_init ] --START--
INFO: Run Behavior\BuildLiteBehavior [ RunTime:0.000015s ]
INFO: [ app_init ] --END-- [ RunTime:0.003480s ]
INFO: [ app_begin ] --START--
INFO: Run Behavior\ReadHtmlCacheBehavior [ RunTime:0.000946s ]
INFO: [ app_begin ] --END-- [ RunTime:0.001059s ]

[ 2018-04-18T12:19:15+08:00 ] 127.0.0.1 /
INFO: [ app_init ] --START--
INFO: Run Behavior\BuildLiteBehavior [ RunTime:0.000014s ]
INFO: [ app_init ] --END-- [ RunTime:0.003034s ]
INFO: [ app_begin ] --START--
INFO: Run Behavior\ReadHtmlCacheBehavior [ RunTime:0.000757s ]
INFO: [ app_begin ] --END-- [ RunTime:0.000880s ]

[ 2018-04-18T12:19:15+08:00 ] 127.0.0.1 /
INFO: [ app_init ] --START--
INFO: Run Behavior\BuildLiteBehavior [ RunTime:0.000082s ]
INFO: [ app_init ] --END-- [ RunTime:0.005186s ]
INFO: [ app_begin ] --START--
INFO: Run Behavior\ReadHtmlCacheBehavior [ RunTime:0.001055s ]
INFO: [ app_begin ] --END-- [ RunTime:0.001212s ]

[ 2018-04-18T12:19:15+08:00 ] 127.0.0.1 /
INFO: [ app_init ] --START--
INFO: Run Behavior\BuildLiteBehavior [ RunTime:0.000021s ]
INFO: [ app_init ] --END-- [ RunTime:0.005731s ]
INFO: [ app_begin ] --START--
INFO: Run Behavior\ReadHtmlCacheBehavior [ RunTime:0.000882s ]
INFO: [ app_begin ] --END-- [ RunTime:0.001064s ]

[ 2018-04-18T12:19:15+08:00 ] 127.0.0.1 /wap/js/maps/swiper.min.js.map
INFO: [ app_init ] --START--
INFO: Run Behavior\BuildLiteBehavior [ RunTime:0.000022s ]
INFO: [ app_init ] --END-- [ RunTime:0.003912s ]
INFO: [ app_begin ] --START--
INFO: Run Behavior\ReadHtmlCacheBehavior [ RunTime:0.001116s ]
INFO: [ app_begin ] --END-- [ RunTime:0.001286s ]
ERR: 无法加载控制器:Wap

[ 2018-04-18T12:19:15+08:00 ] 127.0.0.1 /
INFO: [ app_init ] --START--
INFO: Run Behavior\BuildLiteBehavior [ RunTime:0.000028s ]
INFO: [ app_init ] --END-- [ RunTime:0.004880s ]
INFO: [ app_begin ] --START--
INFO: Run Behavior\ReadHtmlCacheBehavior [ RunTime:0.000807s ]
INFO: [ app_begin ] --END-- [ RunTime:0.000943s ]

[ 2018-04-18T12:19:15+08:00 ] 127.0.0.1 /
INFO: [ app_init ] --START--
INFO: Run Behavior\BuildLiteBehavior [ RunTime:0.000013s ]
INFO: [ app_init ] --END-- [ RunTime:0.003427s ]
INFO: [ app_begin ] --START--
INFO: Run Behavior\ReadHtmlCacheBehavior [ RunTime:0.000911s ]
INFO: [ app_begin ] --END-- [ RunTime:0.001013s ]

[ 2018-04-18T12:19:15+08:00 ] 127.0.0.1 /
INFO: [ app_init ] --START--
INFO: Run Behavior\BuildLiteBehavior [ RunTime:0.000016s ]
INFO: [ app_init ] --END-- [ RunTime:0.003094s ]
INFO: [ app_begin ] --START--
INFO: Run Behavior\ReadHtmlCacheBehavior [ RunTime:0.000708s ]
INFO: [ app_begin ] --END-- [ RunTime:0.000826s ]

[ 2018-04-18T12:19:15+08:00 ] 127.0.0.1 /
INFO: [ app_init ] --START--
INFO: Run Behavior\BuildLiteBehavior [ RunTime:0.000016s ]
INFO: [ app_init ] --END-- [ RunTime:0.003869s ]
INFO: [ app_begin ] --START--
INFO: Run Behavior\ReadHtmlCacheBehavior [ RunTime:0.001015s ]
INFO: [ app_begin ] --END-- [ RunTime:0.001138s ]

[ 2018-04-18T12:19:15+08:00 ] 127.0.0.1 /
INFO: [ app_init ] --START--
INFO: Run Behavior\BuildLiteBehavior [ RunTime:0.000014s ]
INFO: [ app_init ] --END-- [ RunTime:0.002990s ]
INFO: [ app_begin ] --START--
INFO: Run Behavior\ReadHtmlCacheBehavior [ RunTime:0.000757s ]
INFO: [ app_begin ] --END-- [ RunTime:0.000868s ]

[ 2018-04-18T12:19:15+08:00 ] 127.0.0.1 /
INFO: [ app_init ] --START--
INFO: Run Behavior\BuildLiteBehavior [ RunTime:0.000014s ]
INFO: [ app_init ] --END-- [ RunTime:0.003618s ]
INFO: [ app_begin ] --START--
INFO: Run Behavior\ReadHtmlCacheBehavior [ RunTime:0.001116s ]
INFO: [ app_begin ] --END-- [ RunTime:0.001273s ]

[ 2018-04-18T12:19:15+08:00 ] 127.0.0.1 /
INFO: [ app_init ] --START--
INFO: Run Behavior\BuildLiteBehavior [ RunTime:0.000014s ]
INFO: [ app_init ] --END-- [ RunTime:0.003172s ]
INFO: [ app_begin ] --START--
INFO: Run Behavior\ReadHtmlCacheBehavior [ RunTime:0.000878s ]
INFO: [ app_begin ] --END-- [ RunTime:0.001005s ]

[ 2018-04-18T12:19:15+08:00 ] 127.0.0.1 /
INFO: [ app_init ] --START--
INFO: Run Behavior\BuildLiteBehavior [ RunTime:0.000015s ]
INFO: [ app_init ] --END-- [ RunTime:0.003873s ]
INFO: [ app_begin ] --START--
INFO: Run Behavior\ReadHtmlCacheBehavior [ RunTime:0.001074s ]
INFO: [ app_begin ] --END-- [ RunTime:0.001197s ]

[ 2018-04-18T12:19:15+08:00 ] 127.0.0.1 /
INFO: [ app_init ] --START--
INFO: Run Behavior\BuildLiteBehavior [ RunTime:0.000015s ]
INFO: [ app_init ] --END-- [ RunTime:0.003719s ]
INFO: [ app_begin ] --START--
INFO: Run Behavior\ReadHtmlCacheBehavior [ RunTime:0.000705s ]
INFO: [ app_begin ] --END-- [ RunTime:0.000805s ]

[ 2018-04-18T12:19:15+08:00 ] 127.0.0.1 /
INFO: [ app_init ] --START--
INFO: Run Behavior\BuildLiteBehavior [ RunTime:0.000033s ]
INFO: [ app_init ] --END-- [ RunTime:0.003900s ]
INFO: [ app_begin ] --START--
INFO: Run Behavior\ReadHtmlCacheBehavior [ RunTime:0.001355s ]
INFO: [ app_begin ] --END-- [ RunTime:0.001617s ]

[ 2018-04-18T12:19:15+08:00 ] 127.0.0.1 /
INFO: [ app_init ] --START--
INFO: Run Behavior\BuildLiteBehavior [ RunTime:0.000013s ]
INFO: [ app_init ] --END-- [ RunTime:0.003032s ]
INFO: [ app_begin ] --START--
INFO: Run Behavior\ReadHtmlCacheBehavior [ RunTime:0.000664s ]
INFO: [ app_begin ] --END-- [ RunTime:0.000775s ]

[ 2018-04-18T12:19:15+08:00 ] 127.0.0.1 /
INFO: [ app_init ] --START--
INFO: Run Behavior\BuildLiteBehavior [ RunTime:0.000031s ]
INFO: [ app_init ] --END-- [ RunTime:0.003515s ]
INFO: [ app_begin ] --START--
INFO: Run Behavior\ReadHtmlCacheBehavior [ RunTime:0.000891s ]
INFO: [ app_begin ] --END-- [ RunTime:0.000990s ]

[ 2018-04-18T12:19:15+08:00 ] 127.0.0.1 /
INFO: [ app_init ] --START--
INFO: Run Behavior\BuildLiteBehavior [ RunTime:0.000026s ]
INFO: [ app_init ] --END-- [ RunTime:0.003416s ]
INFO: [ app_begin ] --START--
INFO: Run Behavior\ReadHtmlCacheBehavior [ RunTime:0.000705s ]
INFO: [ app_begin ] --END-- [ RunTime:0.000852s ]

[ 2018-04-18T12:19:16+08:00 ] 127.0.0.1 /
INFO: [ app_init ] --START--
INFO: Run Behavior\BuildLiteBehavior [ RunTime:0.000016s ]
INFO: [ app_init ] --END-- [ RunTime:0.004484s ]
INFO: [ app_begin ] --START--
INFO: Run Behavior\ReadHtmlCacheBehavior [ RunTime:0.000948s ]
INFO: [ app_begin ] --END-- [ RunTime:0.001066s ]

[ 2018-04-18T12:19:16+08:00 ] 127.0.0.1 /
INFO: [ app_init ] --START--
INFO: Run Behavior\BuildLiteBehavior [ RunTime:0.000013s ]
INFO: [ app_init ] --END-- [ RunTime:0.003258s ]
INFO: [ app_begin ] --START--
INFO: Run Behavior\ReadHtmlCacheBehavior [ RunTime:0.001108s ]
INFO: [ app_begin ] --END-- [ RunTime:0.001281s ]

[ 2018-04-18T12:19:16+08:00 ] 127.0.0.1 /
INFO: [ app_init ] --START--
INFO: Run Behavior\BuildLiteBehavior [ RunTime:0.000013s ]
INFO: [ app_init ] --END-- [ RunTime:0.003727s ]
INFO: [ app_begin ] --START--
INFO: Run Behavior\ReadHtmlCacheBehavior [ RunTime:0.000939s ]
INFO: [ app_begin ] --END-- [ RunTime:0.001080s ]

[ 2018-04-18T12:19:16+08:00 ] 127.0.0.1 /
INFO: [ app_init ] --START--
INFO: Run Behavior\BuildLiteBehavior [ RunTime:0.000013s ]
INFO: [ app_init ] --END-- [ RunTime:0.002949s ]
INFO: [ app_begin ] --START--
INFO: Run Behavior\ReadHtmlCacheBehavior [ RunTime:0.000678s ]
INFO: [ app_begin ] --END-- [ RunTime:0.000786s ]

[ 2018-04-18T12:19:16+08:00 ] 127.0.0.1 /
INFO: [ app_init ] --START--
INFO: Run Behavior\BuildLiteBehavior [ RunTime:0.000013s ]
INFO: [ app_init ] --END-- [ RunTime:0.003735s ]
INFO: [ app_begin ] --START--
INFO: Run Behavior\ReadHtmlCacheBehavior [ RunTime:0.000931s ]
INFO: [ app_begin ] --END-- [ RunTime:0.001029s ]

[ 2018-04-18T12:19:16+08:00 ] 127.0.0.1 /
INFO: [ app_init ] --START--
INFO: Run Behavior\BuildLiteBehavior [ RunTime:0.000011s ]
INFO: [ app_init ] --END-- [ RunTime:0.003062s ]
INFO: [ app_begin ] --START--
INFO: Run Behavior\ReadHtmlCacheBehavior [ RunTime:0.000745s ]
INFO: [ app_begin ] --END-- [ RunTime:0.000846s ]

[ 2018-04-18T12:19:16+08:00 ] 127.0.0.1 /
INFO: [ app_init ] --START--
INFO: Run Behavior\BuildLiteBehavior [ RunTime:0.000013s ]
INFO: [ app_init ] --END-- [ RunTime:0.003409s ]
INFO: [ app_begin ] --START--
INFO: Run Behavior\ReadHtmlCacheBehavior [ RunTime:0.001093s ]
INFO: [ app_begin ] --END-- [ RunTime:0.001243s ]

[ 2018-04-18T12:19:16+08:00 ] 127.0.0.1 /
INFO: [ app_init ] --START--
INFO: Run Behavior\BuildLiteBehavior [ RunTime:0.000011s ]
INFO: [ app_init ] --END-- [ RunTime:0.002966s ]
INFO: [ app_begin ] --START--
INFO: Run Behavior\ReadHtmlCacheBehavior [ RunTime:0.000702s ]
INFO: [ app_begin ] --END-- [ RunTime:0.000800s ]

[ 2018-04-18T12:19:16+08:00 ] 127.0.0.1 /
INFO: [ app_init ] --START--
INFO: Run Behavior\BuildLiteBehavior [ RunTime:0.000012s ]
INFO: [ app_init ] --END-- [ RunTime:0.003438s ]
INFO: [ app_begin ] --START--
INFO: Run Behavior\ReadHtmlCacheBehavior [ RunTime:0.000917s ]
INFO: [ app_begin ] --END-- [ RunTime:0.001018s ]

[ 2018-04-18T12:19:16+08:00 ] 127.0.0.1 /
INFO: [ app_init ] --START--
INFO: Run Behavior\BuildLiteBehavior [ RunTime:0.000013s ]
INFO: [ app_init ] --END-- [ RunTime:0.002938s ]
INFO: [ app_begin ] --START--
INFO: Run Behavior\ReadHtmlCacheBehavior [ RunTime:0.000667s ]
INFO: [ app_begin ] --END-- [ RunTime:0.000766s ]

[ 2018-04-18T12:19:16+08:00 ] 127.0.0.1 /
INFO: [ app_init ] --START--
INFO: Run Behavior\BuildLiteBehavior [ RunTime:0.000014s ]
INFO: [ app_init ] --END-- [ RunTime:0.004333s ]
INFO: [ app_begin ] --START--
INFO: Run Behavior\ReadHtmlCacheBehavior [ RunTime:0.000912s ]
INFO: [ app_begin ] --END-- [ RunTime:0.001010s ]

[ 2018-04-18T12:19:18+08:00 ] 127.0.0.1 /finance/index.html
INFO: [ app_init ] --START--
INFO: Run Behavior\BuildLiteBehavior [ RunTime:0.000012s ]
INFO: [ app_init ] --END-- [ RunTime:0.003198s ]
INFO: [ app_begin ] --START--
INFO: Run Behavior\ReadHtmlCacheBehavior [ RunTime:0.001299s ]
INFO: [ app_begin ] --END-- [ RunTime:0.001744s ]
NOTIC: [8] Undefined index: cnyd E:\data\mc352\wap\Application\Home\Controller\HomeController.class.php 第 66 行.
NOTIC: [8] Undefined index: btchanges E:\data\mc352\wap\Application\Home\Controller\HomeController.class.php 第 85 行.
NOTIC: [8] unserialize(): Error at offset 0 of 779 bytes E:\data\mc352\wap\ThinkPHP\Library\Think\Cache\Driver\File.class.php 第 104 行.
NOTIC: [2] unlink(./Runtime/Temp/8d5c52105dc3ee42a6160b72e33b074b.html): No such file or directory E:\data\mc352\wap\ThinkPHP\Library\Think\Cache\Driver\File.class.php 第 157 行.
NOTIC: [8] Undefined index: usd E:\data\mc352\wap\Application\Home\Controller\FinanceController.class.php 第 39 行.
NOTIC: [8] Undefined index:  E:\data\mc352\wap\Application\Home\Controller\FinanceController.class.php 第 39 行.
NOTIC: [2] unlink(./Runtime/Temp/0d094b549cb0f0815514516d9cee7a0a.html): No such file or directory E:\data\mc352\wap\ThinkPHP\Library\Think\Cache\Driver\File.class.php 第 157 行.
INFO: [ view_parse ] --START--
INFO: [ template_filter ] --START--
INFO: Run Behavior\ContentReplaceBehavior [ RunTime:0.000130s ]
INFO: [ template_filter ] --END-- [ RunTime:0.000323s ]
NOTIC: [8] Undefined index: fcc E:\data\mc352\wap\Runtime\Cache\Home\549bad89da014461868e367513035abd.html 第 30 行.
NOTIC: [8] Undefined index: fcc E:\data\mc352\wap\Runtime\Cache\Home\549bad89da014461868e367513035abd.html 第 31 行.
INFO: Run Behavior\ParseTemplateBehavior [ RunTime:0.015193s ]
INFO: [ view_parse ] --END-- [ RunTime:0.015333s ]
INFO: [ view_filter ] --START--
INFO: Run Behavior\WriteHtmlCacheBehavior [ RunTime:0.000825s ]
INFO: [ view_filter ] --END-- [ RunTime:0.000911s ]
INFO: [ app_end ] --START--
INFO: Run Behavior\ShowPageTraceBehavior [ RunTime:0.000939s ]
INFO: [ app_end ] --END-- [ RunTime:0.001032s ]

[ 2018-04-18T12:19:18+08:00 ] 127.0.0.1 /Chart/getMarketSpecialtyJson.html?market=ppc_usd&step=900&sid=00&symbol=1&mode=simple&nonce=1524025156647
INFO: [ app_init ] --START--
INFO: Run Behavior\BuildLiteBehavior [ RunTime:0.000016s ]
INFO: [ app_init ] --END-- [ RunTime:0.003127s ]
INFO: [ app_begin ] --START--
INFO: Run Behavior\ReadHtmlCacheBehavior [ RunTime:0.000703s ]
INFO: [ app_begin ] --END-- [ RunTime:0.000817s ]
NOTIC: [8] Undefined index: cnyd E:\data\mc352\wap\Application\Home\Controller\HomeController.class.php 第 66 行.
NOTIC: [8] Undefined index: btchanges E:\data\mc352\wap\Application\Home\Controller\HomeController.class.php 第 85 行.
NOTIC: [8] unserialize(): Error at offset 0 of 779 bytes E:\data\mc352\wap\ThinkPHP\Library\Think\Cache\Driver\File.class.php 第 104 行.
NOTIC: [2] unlink(./Runtime/Temp/8d5c52105dc3ee42a6160b72e33b074b.html): No such file or directory E:\data\mc352\wap\ThinkPHP\Library\Think\Cache\Driver\File.class.php 第 157 行.
NOTIC: [8] Undefined variable: json_data E:\data\mc352\wap\Application\Home\Controller\ChartController.class.php 第 200 行.
NOTIC: [2] Invalid argument supplied for foreach() E:\data\mc352\wap\Application\Home\Controller\ChartController.class.php 第 200 行.
NOTIC: [8] Undefined variable: data E:\data\mc352\wap\Application\Home\Controller\ChartController.class.php 第 211 行.

[ 2018-04-18T12:19:18+08:00 ] 127.0.0.1 /
INFO: [ app_init ] --START--
INFO: Run Behavior\BuildLiteBehavior [ RunTime:0.000021s ]
INFO: [ app_init ] --END-- [ RunTime:0.003677s ]
INFO: [ app_begin ] --START--
INFO: Run Behavior\ReadHtmlCacheBehavior [ RunTime:0.001126s ]
INFO: [ app_begin ] --END-- [ RunTime:0.001312s ]

[ 2018-04-18T12:19:18+08:00 ] 127.0.0.1 /
INFO: [ app_init ] --START--
INFO: Run Behavior\BuildLiteBehavior [ RunTime:0.000016s ]
INFO: [ app_init ] --END-- [ RunTime:0.005548s ]
INFO: [ app_begin ] --START--
INFO: Run Behavior\ReadHtmlCacheBehavior [ RunTime:0.000855s ]
INFO: [ app_begin ] --END-- [ RunTime:0.001020s ]

[ 2018-04-18T12:19:21+08:00 ] 127.0.0.1 /finance/myzr/
INFO: [ app_init ] --START--
INFO: Run Behavior\BuildLiteBehavior [ RunTime:0.000015s ]
INFO: [ app_init ] --END-- [ RunTime:0.003963s ]
INFO: [ app_begin ] --START--
INFO: Run Behavior\ReadHtmlCacheBehavior [ RunTime:0.001010s ]
INFO: [ app_begin ] --END-- [ RunTime:0.001118s ]
NOTIC: [8] Undefined index: cnyd E:\data\mc352\wap\Application\Home\Controller\HomeController.class.php 第 66 行.
NOTIC: [8] Undefined index: btchanges E:\data\mc352\wap\Application\Home\Controller\HomeController.class.php 第 85 行.
NOTIC: [8] unserialize(): Error at offset 0 of 779 bytes E:\data\mc352\wap\ThinkPHP\Library\Think\Cache\Driver\File.class.php 第 104 行.
NOTIC: [2] unlink(./Runtime/Temp/8d5c52105dc3ee42a6160b72e33b074b.html): No such file or directory E:\data\mc352\wap\ThinkPHP\Library\Think\Cache\Driver\File.class.php 第 157 行.
NOTIC: [2] unlink(./Runtime/Temp/6b81a3ae0584e96c5ffd0bb911100639.html): No such file or directory E:\data\mc352\wap\ThinkPHP\Library\Think\Cache\Driver\File.class.php 第 157 行.
NOTIC: [8] Undefined index:  E:\data\mc352\wap\Application\Home\Controller\FinanceController.class.php 第 720 行.
NOTIC: [8] Undefined index: ppcb E:\data\mc352\wap\Application\Home\Controller\FinanceController.class.php 第 751 行.
NOTIC: [2] fopen(http://127.0.0.1:21007):  E:\data\mc352\wap\Application\Common\Ext\CoinClient.class.php 第 58 行.
NOTIC: [2] stream_get_meta_data() expects parameter 1 to be resource, boolean given E:\data\mc352\wap\Application\Common\Ext\CoinClient.class.php 第 64 行.
NOTIC: [2] stream_get_contents() expects parameter 1 to be resource, boolean given E:\data\mc352\wap\Application\Common\Ext\CoinClient.class.php 第 65 行.
NOTIC: [8] Undefined offset: 0 E:\data\mc352\wap\Application\Common\Ext\CoinClient.class.php 第 70 行.
INFO: [ view_parse ] --START--
INFO: [ template_filter ] --START--
INFO: Run Behavior\ContentReplaceBehavior [ RunTime:0.000166s ]
INFO: [ template_filter ] --END-- [ RunTime:0.000521s ]
INFO: Run Behavior\ParseTemplateBehavior [ RunTime:0.028123s ]
INFO: [ view_parse ] --END-- [ RunTime:0.028385s ]
INFO: [ view_filter ] --START--
INFO: Run Behavior\WriteHtmlCacheBehavior [ RunTime:0.001291s ]
INFO: [ view_filter ] --END-- [ RunTime:0.001430s ]

[ 2018-04-18T12:19:26+08:00 ] 127.0.0.1 /finance/myzc/
INFO: [ app_init ] --START--
INFO: Run Behavior\BuildLiteBehavior [ RunTime:0.000014s ]
INFO: [ app_init ] --END-- [ RunTime:0.003835s ]
INFO: [ app_begin ] --START--
INFO: Run Behavior\ReadHtmlCacheBehavior [ RunTime:0.001311s ]
INFO: [ app_begin ] --END-- [ RunTime:0.001523s ]
NOTIC: [8] Undefined index: cnyd E:\data\mc352\wap\Application\Home\Controller\HomeController.class.php 第 66 行.
NOTIC: [8] Undefined index: btchanges E:\data\mc352\wap\Application\Home\Controller\HomeController.class.php 第 85 行.
NOTIC: [8] unserialize(): Error at offset 0 of 779 bytes E:\data\mc352\wap\ThinkPHP\Library\Think\Cache\Driver\File.class.php 第 104 行.
NOTIC: [2] unlink(./Runtime/Temp/8d5c52105dc3ee42a6160b72e33b074b.html): No such file or directory E:\data\mc352\wap\ThinkPHP\Library\Think\Cache\Driver\File.class.php 第 157 行.
NOTIC: [2] unlink(./Runtime/Temp/003b6def15b8a07c79d560571ed30e9a.html): No such file or directory E:\data\mc352\wap\ThinkPHP\Library\Think\Cache\Driver\File.class.php 第 157 行.
NOTIC: [8] Undefined index:  E:\data\mc352\wap\Application\Home\Controller\FinanceController.class.php 第 933 行.

[ 2018-04-18T12:19:26+08:00 ] 127.0.0.1 /Home/User/moble.html
INFO: [ app_init ] --START--
INFO: Run Behavior\BuildLiteBehavior [ RunTime:0.000015s ]
INFO: [ app_init ] --END-- [ RunTime:0.004717s ]
INFO: [ app_begin ] --START--
INFO: Run Behavior\ReadHtmlCacheBehavior [ RunTime:0.001031s ]
INFO: [ app_begin ] --END-- [ RunTime:0.001225s ]
NOTIC: [8] Undefined index: cnyd E:\data\mc352\wap\Application\Home\Controller\HomeController.class.php 第 66 行.
NOTIC: [8] Undefined index: btchanges E:\data\mc352\wap\Application\Home\Controller\HomeController.class.php 第 85 行.
NOTIC: [8] unserialize(): Error at offset 0 of 779 bytes E:\data\mc352\wap\ThinkPHP\Library\Think\Cache\Driver\File.class.php 第 104 行.
NOTIC: [2] unlink(./Runtime/Temp/8d5c52105dc3ee42a6160b72e33b074b.html): No such file or directory E:\data\mc352\wap\ThinkPHP\Library\Think\Cache\Driver\File.class.php 第 157 行.
NOTIC: [2] unlink(./Runtime/Temp/ffdd2dfb4f21f52f98986fc6d910647e.html): No such file or directory E:\data\mc352\wap\ThinkPHP\Library\Think\Cache\Driver\File.class.php 第 157 行.
INFO: [ view_parse ] --START--
INFO: [ template_filter ] --START--
INFO: Run Behavior\ContentReplaceBehavior [ RunTime:0.000088s ]
INFO: [ template_filter ] --END-- [ RunTime:0.000196s ]
INFO: Run Behavior\ParseTemplateBehavior [ RunTime:0.091695s ]
INFO: [ view_parse ] --END-- [ RunTime:0.091948s ]
INFO: [ view_filter ] --START--
INFO: Run Behavior\WriteHtmlCacheBehavior [ RunTime:0.001828s ]
INFO: [ view_filter ] --END-- [ RunTime:0.002048s ]
INFO: [ app_end ] --START--
INFO: Run Behavior\ShowPageTraceBehavior [ RunTime:0.003000s ]
INFO: [ app_end ] --END-- [ RunTime:0.003286s ]

[ 2018-04-18T12:19:29+08:00 ] 127.0.0.1 /user/qrcode.html
INFO: [ app_init ] --START--
INFO: Run Behavior\BuildLiteBehavior [ RunTime:0.000015s ]
INFO: [ app_init ] --END-- [ RunTime:0.003473s ]
INFO: [ app_begin ] --START--
INFO: Run Behavior\ReadHtmlCacheBehavior [ RunTime:0.001078s ]
INFO: [ app_begin ] --END-- [ RunTime:0.001260s ]
NOTIC: [8] Undefined index: cnyd E:\data\mc352\wap\Application\Home\Controller\HomeController.class.php 第 66 行.
NOTIC: [8] Undefined index: btchanges E:\data\mc352\wap\Application\Home\Controller\HomeController.class.php 第 85 行.
NOTIC: [8] unserialize(): Error at offset 0 of 779 bytes E:\data\mc352\wap\ThinkPHP\Library\Think\Cache\Driver\File.class.php 第 104 行.
NOTIC: [2] unlink(./Runtime/Temp/8d5c52105dc3ee42a6160b72e33b074b.html): No such file or directory E:\data\mc352\wap\ThinkPHP\Library\Think\Cache\Driver\File.class.php 第 157 行.
INFO: [ view_parse ] --START--
INFO: [ template_filter ] --START--
INFO: Run Behavior\ContentReplaceBehavior [ RunTime:0.000054s ]
INFO: [ template_filter ] --END-- [ RunTime:0.000196s ]
INFO: Run Behavior\ParseTemplateBehavior [ RunTime:0.008085s ]
INFO: [ view_parse ] --END-- [ RunTime:0.008210s ]
INFO: [ view_filter ] --START--
INFO: Run Behavior\WriteHtmlCacheBehavior [ RunTime:0.000777s ]
INFO: [ view_filter ] --END-- [ RunTime:0.000862s ]
INFO: [ app_end ] --START--
INFO: Run Behavior\ShowPageTraceBehavior [ RunTime:0.001334s ]
INFO: [ app_end ] --END-- [ RunTime:0.001452s ]

[ 2018-04-18T12:19:29+08:00 ] 127.0.0.1 /user/js/mjs.js
INFO: [ app_init ] --START--
INFO: Run Behavior\BuildLiteBehavior [ RunTime:0.000017s ]
INFO: [ app_init ] --END-- [ RunTime:0.005152s ]
INFO: [ app_begin ] --START--
INFO: Run Behavior\ReadHtmlCacheBehavior [ RunTime:0.001172s ]
INFO: [ app_begin ] --END-- [ RunTime:0.001303s ]
NOTIC: [8] Undefined index: cnyd E:\data\mc352\wap\Application\Home\Controller\HomeController.class.php 第 66 行.
NOTIC: [8] Undefined index: btchanges E:\data\mc352\wap\Application\Home\Controller\HomeController.class.php 第 85 行.
NOTIC: [8] unserialize(): Error at offset 0 of 779 bytes E:\data\mc352\wap\ThinkPHP\Library\Think\Cache\Driver\File.class.php 第 104 行.
NOTIC: [2] unlink(./Runtime/Temp/8d5c52105dc3ee42a6160b72e33b074b.html): No such file or directory E:\data\mc352\wap\ThinkPHP\Library\Think\Cache\Driver\File.class.php 第 157 行.
ERR: 非法操作:js

[ 2018-04-18T12:19:31+08:00 ] 127.0.0.1 /user/editQR.html
INFO: [ app_init ] --START--
INFO: Run Behavior\BuildLiteBehavior [ RunTime:0.000035s ]
INFO: [ app_init ] --END-- [ RunTime:0.004916s ]
INFO: [ app_begin ] --START--
INFO: Run Behavior\ReadHtmlCacheBehavior [ RunTime:0.001435s ]
INFO: [ app_begin ] --END-- [ RunTime:0.001673s ]
NOTIC: [8] Undefined index: cnyd E:\data\mc352\wap\Application\Home\Controller\HomeController.class.php 第 66 行.
NOTIC: [8] Undefined index: btchanges E:\data\mc352\wap\Application\Home\Controller\HomeController.class.php 第 85 行.
NOTIC: [8] unserialize(): Error at offset 0 of 779 bytes E:\data\mc352\wap\ThinkPHP\Library\Think\Cache\Driver\File.class.php 第 104 行.
NOTIC: [2] unlink(./Runtime/Temp/8d5c52105dc3ee42a6160b72e33b074b.html): No such file or directory E:\data\mc352\wap\ThinkPHP\Library\Think\Cache\Driver\File.class.php 第 157 行.
INFO: [ view_parse ] --START--
INFO: [ template_filter ] --START--
INFO: Run Behavior\ContentReplaceBehavior [ RunTime:0.000053s ]
INFO: [ template_filter ] --END-- [ RunTime:0.000147s ]
INFO: Run Behavior\ParseTemplateBehavior [ RunTime:0.007392s ]
INFO: [ view_parse ] --END-- [ RunTime:0.007514s ]
INFO: [ view_filter ] --START--
INFO: Run Behavior\WriteHtmlCacheBehavior [ RunTime:0.000783s ]
INFO: [ view_filter ] --END-- [ RunTime:0.000893s ]
INFO: [ app_end ] --START--
INFO: Run Behavior\ShowPageTraceBehavior [ RunTime:0.001091s ]
INFO: [ app_end ] --END-- [ RunTime:0.001175s ]

[ 2018-04-18T15:41:10+08:00 ] 127.0.0.1 /user/js/mjs.js
INFO: [ app_init ] --START--
INFO: Run Behavior\BuildLiteBehavior [ RunTime:0.000017s ]
INFO: [ app_init ] --END-- [ RunTime:0.008723s ]
INFO: [ app_begin ] --START--
INFO: Run Behavior\ReadHtmlCacheBehavior [ RunTime:0.001949s ]
INFO: [ app_begin ] --END-- [ RunTime:0.002083s ]
NOTIC: [8] Undefined index: cnyd E:\data\mc352\wap\Application\Home\Controller\HomeController.class.php 第 66 行.
NOTIC: [8] Undefined index: btchanges E:\data\mc352\wap\Application\Home\Controller\HomeController.class.php 第 85 行.
NOTIC: [8] unserialize(): Error at offset 0 of 779 bytes E:\data\mc352\wap\ThinkPHP\Library\Think\Cache\Driver\File.class.php 第 104 行.
NOTIC: [2] unlink(./Runtime/Temp/8d5c52105dc3ee42a6160b72e33b074b.html): No such file or directory E:\data\mc352\wap\ThinkPHP\Library\Think\Cache\Driver\File.class.php 第 157 行.
ERR: 非法操作:js

[ 2018-04-18T15:41:11+08:00 ] 127.0.0.1 /finance/mycj.html
INFO: [ app_init ] --START--
INFO: Run Behavior\BuildLiteBehavior [ RunTime:0.000020s ]
INFO: [ app_init ] --END-- [ RunTime:0.004535s ]
INFO: [ app_begin ] --START--
INFO: Run Behavior\ReadHtmlCacheBehavior [ RunTime:0.002043s ]
INFO: [ app_begin ] --END-- [ RunTime:0.002248s ]
NOTIC: [8] Undefined index: cnyd E:\data\mc352\wap\Application\Home\Controller\HomeController.class.php 第 66 行.
NOTIC: [8] Undefined index: btchanges E:\data\mc352\wap\Application\Home\Controller\HomeController.class.php 第 85 行.
NOTIC: [8] unserialize(): Error at offset 0 of 779 bytes E:\data\mc352\wap\ThinkPHP\Library\Think\Cache\Driver\File.class.php 第 104 行.
NOTIC: [2] unlink(./Runtime/Temp/8d5c52105dc3ee42a6160b72e33b074b.html): No such file or directory E:\data\mc352\wap\ThinkPHP\Library\Think\Cache\Driver\File.class.php 第 157 行.
NOTIC: [2] unlink(./Runtime/Temp/1af6abc78965c1bf5e0d5e1b72a9a272.html): No such file or directory E:\data\mc352\wap\ThinkPHP\Library\Think\Cache\Driver\File.class.php 第 157 行.
NOTIC: [8] Undefined index:  E:\data\mc352\wap\Application\Home\Controller\FinanceController.class.php 第 1722 行.
INFO: [ view_parse ] --START--
INFO: [ template_filter ] --START--
INFO: Run Behavior\ContentReplaceBehavior [ RunTime:0.000112s ]
INFO: [ template_filter ] --END-- [ RunTime:0.000216s ]
NOTIC: [8] Undefined variable: status E:\data\mc352\wap\Runtime\Cache\Home\efd4fa103977a20daecff23d69729aed.html 第 40 行.
INFO: Run Behavior\ParseTemplateBehavior [ RunTime:0.044011s ]
INFO: [ view_parse ] --END-- [ RunTime:0.044221s ]
INFO: [ view_filter ] --START--
INFO: Run Behavior\WriteHtmlCacheBehavior [ RunTime:0.001734s ]
INFO: [ view_filter ] --END-- [ RunTime:0.001811s ]
INFO: [ app_end ] --START--
INFO: Run Behavior\ShowPageTraceBehavior [ RunTime:0.002229s ]
INFO: [ app_end ] --END-- [ RunTime:0.002317s ]

[ 2018-04-18T15:41:12+08:00 ] 127.0.0.1 /finance/index.html
INFO: [ app_init ] --START--
INFO: Run Behavior\BuildLiteBehavior [ RunTime:0.000015s ]
INFO: [ app_init ] --END-- [ RunTime:0.004417s ]
INFO: [ app_begin ] --START--
INFO: Run Behavior\ReadHtmlCacheBehavior [ RunTime:0.001731s ]
INFO: [ app_begin ] --END-- [ RunTime:0.001842s ]
NOTIC: [8] Undefined index: cnyd E:\data\mc352\wap\Application\Home\Controller\HomeController.class.php 第 66 行.
NOTIC: [8] Undefined index: btchanges E:\data\mc352\wap\Application\Home\Controller\HomeController.class.php 第 85 行.
NOTIC: [8] unserialize(): Error at offset 0 of 779 bytes E:\data\mc352\wap\ThinkPHP\Library\Think\Cache\Driver\File.class.php 第 104 行.
NOTIC: [2] unlink(./Runtime/Temp/8d5c52105dc3ee42a6160b72e33b074b.html): No such file or directory E:\data\mc352\wap\ThinkPHP\Library\Think\Cache\Driver\File.class.php 第 157 行.
NOTIC: [8] Undefined index: usd E:\data\mc352\wap\Application\Home\Controller\FinanceController.class.php 第 39 行.
NOTIC: [8] Undefined index:  E:\data\mc352\wap\Application\Home\Controller\FinanceController.class.php 第 39 行.
NOTIC: [2] unlink(./Runtime/Temp/0d094b549cb0f0815514516d9cee7a0a.html): No such file or directory E:\data\mc352\wap\ThinkPHP\Library\Think\Cache\Driver\File.class.php 第 157 行.
INFO: [ view_parse ] --START--
INFO: [ template_filter ] --START--
INFO: Run Behavior\ContentReplaceBehavior [ RunTime:0.000094s ]
INFO: [ template_filter ] --END-- [ RunTime:0.000238s ]
NOTIC: [8] Undefined index: fcc E:\data\mc352\wap\Runtime\Cache\Home\549bad89da014461868e367513035abd.html 第 30 行.
NOTIC: [8] Undefined index: fcc E:\data\mc352\wap\Runtime\Cache\Home\549bad89da014461868e367513035abd.html 第 31 行.
INFO: Run Behavior\ParseTemplateBehavior [ RunTime:0.021753s ]
INFO: [ view_parse ] --END-- [ RunTime:0.021915s ]
INFO: [ view_filter ] --START--
INFO: Run Behavior\WriteHtmlCacheBehavior [ RunTime:0.002047s ]
INFO: [ view_filter ] --END-- [ RunTime:0.002160s ]
INFO: [ app_end ] --START--
INFO: Run Behavior\ShowPageTraceBehavior [ RunTime:0.002483s ]
INFO: [ app_end ] --END-- [ RunTime:0.002606s ]

